# JRE version: OpenJDK Runtime Environment Temurin-17.0.10+7 (17.0.10+7) (build 17.0.10+7)
# Java VM: OpenJDK 64-Bit Server VM Temurin-17.0.10+7 (17.0.10+7, mixed mode, emulated-client, tiered, compressed oops, compressed class ptrs, g1 gc, windows-amd64)
GC Precious Log:
 CPUs: 4 total, 4 available
 Memory: 7974M
 Large Page Support: Disabled
 NUMA Support: Disabled
 Compressed Oops: Enabled (32-bit)
 Heap Region Size: 1M
 Heap Min Capacity: 8M
 Heap Initial Capacity: 126M
 Heap Max Capacity: 1G
 Pre-touch: Disabled
 Parallel Workers: 4
 Concurrent Workers: 1
 Concurrent Refinement Workers: 4
 Periodic GC: Disabled
Heap:
 garbage-first heap   total 78848K, used 24748K [0x00000000c0000000, 0x0000000100000000)
  region size 1024K, 1 young (1024K), 0 survivors (0K)
 Metaspace       used 39308K, committed 39744K, reserved 1114112K
  class space    used 5216K, committed 5440K, reserved 1048576K
GC Heap History (20 events):
Event: 72559.905 GC heap before
{Heap before GC invocations=681 (full 659):
 garbage-first heap   total 78848K, used 24748K [0x00000000c0000000, 0x0000000100000000)
  region size 1024K, 1 young (1024K), 0 survivors (0K)
 Metaspace       used 39308K, committed 39744K, reserved 1114112K
  class space    used 5216K, committed 5440K, reserved 1048576K
}
Event: 72559.954 GC heap after
{Heap after GC invocations=682 (full 660):
 garbage-first heap   total 78848K, used 24748K [0x00000000c0000000, 0x0000000100000000)
  region size 1024K, 0 young (0K), 0 survivors (0K)
 Metaspace       used 39308K, committed 39744K, reserved 1114112K
  class space    used 5216K, committed 5440K, reserved 1048576K
}
Event: 72570.545 GC heap before
{Heap before GC invocations=682 (full 660):
 garbage-first heap   total 78848K, used 24748K [0x00000000c0000000, 0x0000000100000000)
  region size 1024K, 1 young (1024K), 0 survivors (0K)
 Metaspace       used 39308K, committed 39744K, reserved 1114112K
  class space    used 5216K, committed 5440K, reserved 1048576K
}
Event: 72570.600 GC heap after
{Heap after GC invocations=683 (full 661):
 garbage-first heap   total 78848K, used 24748K [0x00000000c0000000, 0x0000000100000000)
  region size 1024K, 0 young (0K), 0 survivors (0K)
 Metaspace       used 39308K, committed 39744K, reserved 1114112K
  class space    used 5216K, committed 5440K, reserved 1048576K
}
Event: 72582.323 GC heap before
{Heap before GC invocations=683 (full 661):
 garbage-first heap   total 78848K, used 24748K [0x00000000c0000000, 0x0000000100000000)
  region size 1024K, 1 young (1024K), 0 survivors (0K)
 Metaspace       used 39308K, committed 39744K, reserved 1114112K
  class space    used 5216K, committed 5440K, reserved 1048576K
}
Event: 72582.373 GC heap after
{Heap after GC invocations=684 (full 662):
 garbage-first heap   total 78848K, used 24748K [0x00000000c0000000, 0x0000000100000000)
  region size 1024K, 0 young (0K), 0 survivors (0K)
 Metaspace       used 39308K, committed 39744K, reserved 1114112K
  class space    used 5216K, committed 5440K, reserved 1048576K
}
Event: 72602.051 GC heap before
{Heap before GC invocations=684 (full 662):
 garbage-first heap   total 78848K, used 24748K [0x00000000c0000000, 0x0000000100000000)
  region size 1024K, 1 young (1024K), 0 survivors (0K)
 Metaspace       used 39308K, committed 39744K, reserved 1114112K
  class space    used 5216K, committed 5440K, reserved 1048576K
}
Event: 72602.108 GC heap after
{Heap after GC invocations=685 (full 663):
 garbage-first heap   total 78848K, used 24748K [0x00000000c0000000, 0x0000000100000000)
  region size 1024K, 0 young (0K), 0 survivors (0K)
 Metaspace       used 39308K, committed 39744K, reserved 1114112K
  class space    used 5216K, committed 5440K, reserved 1048576K
}
Event: 72617.097 GC heap before
{Heap before GC invocations=685 (full 663):
 garbage-first heap   total 78848K, used 24748K [0x00000000c0000000, 0x0000000100000000)
  region size 1024K, 1 young (1024K), 0 survivors (0K)
 Metaspace       used 39308K, committed 39744K, reserved 1114112K
  class space    used 5216K, committed 5440K, reserved 1048576K
}
Event: 72617.159 GC heap after
{Heap after GC invocations=686 (full 664):
 garbage-first heap   total 78848K, used 24748K [0x00000000c0000000, 0x0000000100000000)
  region size 1024K, 0 young (0K), 0 survivors (0K)
 Metaspace       used 39308K, committed 39744K, reserved 1114112K
  class space    used 5216K, committed 5440K, reserved 1048576K
}
Event: 72628.209 GC heap before
{Heap before GC invocations=686 (full 664):
 garbage-first heap   total 78848K, used 24748K [0x00000000c0000000, 0x0000000100000000)
  region size 1024K, 1 young (1024K), 0 survivors (0K)
 Metaspace       used 39308K, committed 39744K, reserved 1114112K
  class space    used 5216K, committed 5440K, reserved 1048576K
}
Event: 72628.260 GC heap after
{Heap after GC invocations=687 (full 665):
 garbage-first heap   total 78848K, used 24748K [0x00000000c0000000, 0x0000000100000000)
  region size 1024K, 0 young (0K), 0 survivors (0K)
 Metaspace       used 39308K, committed 39744K, reserved 1114112K
  class space    used 5216K, committed 5440K, reserved 1048576K
}
Event: 72668.804 GC heap before
{Heap before GC invocations=687 (full 665):
 garbage-first heap   total 78848K, used 24748K [0x00000000c0000000, 0x0000000100000000)
  region size 1024K, 1 young (1024K), 0 survivors (0K)
 Metaspace       used 39308K, committed 39744K, reserved 1114112K
  class space    used 5216K, committed 5440K, reserved 1048576K
}
Event: 72668.855 GC heap after
{Heap after GC invocations=688 (full 666):
 garbage-first heap   total 78848K, used 24748K [0x00000000c0000000, 0x0000000100000000)
  region size 1024K, 0 young (0K), 0 survivors (0K)
 Metaspace       used 39308K, committed 39744K, reserved 1114112K
  class space    used 5216K, committed 5440K, reserved 1048576K
}
Event: 72684.213 GC heap before
{Heap before GC invocations=688 (full 666):
 garbage-first heap   total 78848K, used 24748K [0x00000000c0000000, 0x0000000100000000)
  region size 1024K, 1 young (1024K), 0 survivors (0K)
 Metaspace       used 39308K, committed 39744K, reserved 1114112K
  class space    used 5216K, committed 5440K, reserved 1048576K
}
Event: 72684.265 GC heap after
{Heap after GC invocations=689 (full 667):
 garbage-first heap   total 78848K, used 24748K [0x00000000c0000000, 0x0000000100000000)
  region size 1024K, 0 young (0K), 0 survivors (0K)
 Metaspace       used 39308K, committed 39744K, reserved 1114112K
  class space    used 5216K, committed 5440K, reserved 1048576K
}
Event: 72694.759 GC heap before
{Heap before GC invocations=689 (full 667):
 garbage-first heap   total 78848K, used 24748K [0x00000000c0000000, 0x0000000100000000)
  region size 1024K, 1 young (1024K), 0 survivors (0K)
 Metaspace       used 39308K, committed 39744K, reserved 1114112K
  class space    used 5216K, committed 5440K, reserved 1048576K
}
Event: 72694.810 GC heap after
{Heap after GC invocations=690 (full 668):
 garbage-first heap   total 78848K, used 24748K [0x00000000c0000000, 0x0000000100000000)
  region size 1024K, 0 young (0K), 0 survivors (0K)
 Metaspace       used 39308K, committed 39744K, reserved 1114112K
  class space    used 5216K, committed 5440K, reserved 1048576K
}
Event: 72705.286 GC heap before
{Heap before GC invocations=690 (full 668):
 garbage-first heap   total 78848K, used 24748K [0x00000000c0000000, 0x0000000100000000)
  region size 1024K, 1 young (1024K), 0 survivors (0K)
 Metaspace       used 39308K, committed 39744K, reserved 1114112K
  class space    used 5216K, committed 5440K, reserved 1048576K
}
Event: 72705.341 GC heap after
{Heap after GC invocations=691 (full 669):
 garbage-first heap   total 78848K, used 24748K [0x00000000c0000000, 0x0000000100000000)
  region size 1024K, 0 young (0K), 0 survivors (0K)
 Metaspace       used 39308K, committed 39744K, reserved 1114112K
  class space    used 5216K, committed 5440K, reserved 1048576K
}

